<?xml version="1.0" encoding="UTF-8"?>
<testng-results ignored="0" total="3" passed="3" failed="0" skipped="0">
  <reporter-output>
  </reporter-output>
  <suite started-at="2026-01-27T19:36:44 IST" name="Automation Suite" finished-at="2026-01-27T19:37:34 IST" duration-ms="50317">
    <groups>
      <group name="Purchase">
        <method signature="SubmitOrderTest.submitOrder(java.util.HashMap)[pri:0, instance:tests.SubmitOrderTest@1c9b0314]" name="submitOrder" class="tests.SubmitOrderTest"/>
      </group> <!-- Purchase -->
    </groups>
    <test started-at="2026-01-27T19:36:44 IST" name="Submit Order Test" finished-at="2026-01-27T19:37:34 IST" duration-ms="50317">
      <class name="tests.SubmitOrderTest">
        <test-method is-config="true" signature="launchApplication()[pri:0, instance:tests.SubmitOrderTest@1c9b0314]" started-at="2026-01-27T19:36:44 IST" name="launchApplication" finished-at="2026-01-27T19:36:49 IST" duration-ms="4907" status="PASS">
          <reporter-output>
          </reporter-output>
        </test-method> <!-- launchApplication -->
        <test-method signature="submitOrder(java.util.HashMap)[pri:0, instance:tests.SubmitOrderTest@1c9b0314]" started-at="2026-01-27T19:36:49 IST" name="submitOrder" data-provider="getData" finished-at="2026-01-27T19:37:08 IST" duration-ms="19320" status="PASS">
          <params>
            <param index="0">
              <value>
                <![CDATA[{password=sudha18, product=ZARA COAT 3, email=sudhaayyasamy18@gmail.com}]]>
              </value>
            </param>
          </params>
          <reporter-output>
          </reporter-output>
        </test-method> <!-- submitOrder -->
        <test-method is-config="true" signature="tearDown()[pri:0, instance:tests.SubmitOrderTest@1c9b0314]" started-at="2026-01-27T19:37:08 IST" name="tearDown" finished-at="2026-01-27T19:37:09 IST" duration-ms="357" status="PASS">
          <reporter-output>
          </reporter-output>
        </test-method> <!-- tearDown -->
        <test-method is-config="true" signature="launchApplication()[pri:0, instance:tests.SubmitOrderTest@1c9b0314]" started-at="2026-01-27T19:37:09 IST" name="launchApplication" finished-at="2026-01-27T19:37:12 IST" duration-ms="3296" status="PASS">
          <reporter-output>
          </reporter-output>
        </test-method> <!-- launchApplication -->
        <test-method signature="submitOrder(java.util.HashMap)[pri:0, instance:tests.SubmitOrderTest@1c9b0314]" started-at="2026-01-27T19:37:12 IST" name="submitOrder" data-provider="getData" finished-at="2026-01-27T19:37:28 IST" duration-ms="15763" status="PASS">
          <params>
            <param index="0">
              <value>
                <![CDATA[{password=sudha18, product=ADIDAS ORIGINAL, email=sudhaayyasamy18@gmail.com}]]>
              </value>
            </param>
          </params>
          <reporter-output>
          </reporter-output>
        </test-method> <!-- submitOrder -->
        <test-method is-config="true" signature="tearDown()[pri:0, instance:tests.SubmitOrderTest@1c9b0314]" started-at="2026-01-27T19:37:28 IST" name="tearDown" finished-at="2026-01-27T19:37:28 IST" duration-ms="297" status="PASS">
          <reporter-output>
          </reporter-output>
        </test-method> <!-- tearDown -->
        <test-method is-config="true" signature="launchApplication()[pri:0, instance:tests.SubmitOrderTest@1c9b0314]" started-at="2026-01-27T19:37:28 IST" name="launchApplication" finished-at="2026-01-27T19:37:32 IST" duration-ms="4379" status="PASS">
          <reporter-output>
          </reporter-output>
        </test-method> <!-- launchApplication -->
        <test-method signature="OrderHistoryTest()[pri:0, instance:tests.SubmitOrderTest@1c9b0314]" started-at="2026-01-27T19:37:32 IST" name="OrderHistoryTest" finished-at="2026-01-27T19:37:34 IST" depends-on-methods="tests.SubmitOrderTest.submitOrder" duration-ms="1360" status="PASS">
          <reporter-output>
          </reporter-output>
        </test-method> <!-- OrderHistoryTest -->
        <test-method is-config="true" signature="tearDown()[pri:0, instance:tests.SubmitOrderTest@1c9b0314]" started-at="2026-01-27T19:37:34 IST" name="tearDown" finished-at="2026-01-27T19:37:34 IST" duration-ms="309" status="PASS">
          <reporter-output>
          </reporter-output>
        </test-method> <!-- tearDown -->
      </class> <!-- tests.SubmitOrderTest -->
    </test> <!-- Submit Order Test -->
  </suite> <!-- Automation Suite -->
</testng-results>
