<?xml version="1.0" encoding="UTF-8"?>
<!-- Generated by org.testng.reporters.JUnitReportReporter -->
<testsuite hostname="SUDHA" failures="0" tests="3" name="tests.SubmitOrderTest" time="49.988" errors="0" timestamp="2026-01-27T19:37:35 IST" skipped="0">
  <testcase classname="tests.SubmitOrderTest" name="submitOrder" time="22.973"/>
  <testcase classname="tests.SubmitOrderTest" name="submitOrder" time="20.967"/>
  <testcase classname="tests.SubmitOrderTest" name="OrderHistoryTest" time="6.048"/>
</testsuite> <!-- tests.SubmitOrderTest -->
